<?xml version="1.0" encoding="UTF-8"?>
<!-- Generated by org.testng.reporters.JUnitReportReporter -->
<testsuite hostname="DESKTOP-IRP8CU6" failures="0" tests="1" name="Contact_Test_Cases.CreatE_ContactWithCampaignTest" time="31.033" errors="0" timestamp="2025-04-01T09:23:41 BST" skipped="0">
  <testcase classname="Contact_Test_Cases.CreatE_ContactWithCampaignTest" name="createContactWithCampaignTest" time="31.033"/>
</testsuite> <!-- Contact_Test_Cases.CreatE_ContactWithCampaignTest -->
