<?xml version="1.0" encoding="UTF-8"?>
<!-- Generated by org.testng.reporters.JUnitReportReporter -->
<testsuite hostname="DESKTOP-IRP8CU6" failures="0" tests="2" name="Campaign_Test_Cases.Create_Campaign_Tests" time="30.942" errors="0" timestamp="2025-03-25T09:14:31 GMT" skipped="0">
  <testcase classname="Campaign_Test_Cases.Create_Campaign_Tests" name="Create_Campaign_WithCloseDate_TC1Test" time="15.640"/>
  <testcase classname="Campaign_Test_Cases.Create_Campaign_Tests" name="createCampaignWithout_CloseDate_TC2Test" time="15.302"/>
</testsuite> <!-- Campaign_Test_Cases.Create_Campaign_Tests -->
