<?xml version="1.0" encoding="UTF-8"?>
<!-- Generated by org.testng.reporters.JUnitReportReporter -->
<testsuite hostname="DESKTOP-IRP8CU6" failures="0" tests="1" name="Product_Test_Cases.CreateProduct" time="25.315" errors="0" timestamp="2025-03-25T09:24:52 GMT" skipped="0">
  <testcase classname="Product_Test_Cases.CreateProduct" name="createProductTest" time="25.315"/>
</testsuite> <!-- Product_Test_Cases.CreateProduct -->
