<?xml version="1.0" encoding="UTF-8"?>
<!-- Generated by org.testng.reporters.JUnitReportReporter -->
<testsuite hostname="DESKTOP-IRP8CU6" failures="0" tests="2" name="Campaign_Test_Cases.Create_Campaign_Tests" time="31.472" errors="0" timestamp="2025-03-25T08:45:44 GMT" skipped="0">
  <testcase classname="Campaign_Test_Cases.Create_Campaign_Tests" name="Create_Campaign_WithCloseDate_TC1" time="16.333"/>
  <testcase classname="Campaign_Test_Cases.Create_Campaign_Tests" name="createCampaignWithout_CloseDate_TC2" time="15.139"/>
</testsuite> <!-- Campaign_Test_Cases.Create_Campaign_Tests -->
