<?xml version="1.0" encoding="UTF-8"?>
<!-- Generated by org.testng.reporters.JUnitReportReporter -->
<testsuite hostname="DESKTOP-IRP8CU6" failures="0" tests="1" name="Login_Test_Cases.LoginTest" time="8.302" errors="0" timestamp="2025-04-01T09:23:41 BST" skipped="0">
  <testcase classname="Login_Test_Cases.LoginTest" name="logInTest" time="8.302"/>
</testsuite> <!-- Login_Test_Cases.LoginTest -->
