<?xml version="1.0" encoding="UTF-8"?>
<!-- Generated by org.testng.reporters.JUnitReportReporter -->
<testsuite hostname="DESKTOP-IRP8CU6" failures="0" tests="1" name="Login_Test_Cases.Login_Test" time="11.360" errors="0" timestamp="2025-03-25T08:35:47 GMT" skipped="0">
  <testcase classname="Login_Test_Cases.Login_Test" name="logIn_Test_TC1" time="11.360"/>
</testsuite> <!-- Login_Test_Cases.Login_Test -->
