<?xml version="1.0" encoding="UTF-8"?>
<!-- Generated by org.testng.reporters.JUnitReportReporter -->
<testsuite hostname="DESKTOP-IRP8CU6" failures="0" tests="2" name="Campaign_Test_Cases.CrtCmpgnWithMultipleExcelTestData" time="51.441" errors="0" timestamp="2025-03-18T08:22:46 GMT" skipped="0">
  <testcase classname="Campaign_Test_Cases.CrtCmpgnWithMultipleExcelTestData" name="createCampaignWithout_CloseDate_TC2" time="22.185"/>
  <testcase classname="Campaign_Test_Cases.CrtCmpgnWithMultipleExcelTestData" name="Create_Campaign_WithCloseDate_TC1" time="29.256"/>
</testsuite> <!-- Campaign_Test_Cases.CrtCmpgnWithMultipleExcelTestData -->
