<?xml version="1.0" encoding="UTF-8"?>
<!-- Generated by org.testng.reporters.JUnitReportReporter -->
<testsuite hostname="DESKTOP-IRP8CU6" failures="0" tests="1" name="Contact_Test_Cases.CreatE_ContactWithCampaign" time="32.461" errors="0" timestamp="2025-03-25T09:26:04 GMT" skipped="0">
  <testcase classname="Contact_Test_Cases.CreatE_ContactWithCampaign" name="createContactWithCampaignTest" time="32.461"/>
</testsuite> <!-- Contact_Test_Cases.CreatE_ContactWithCampaign -->
