<?xml version="1.0" encoding="UTF-8"?>
<!-- Generated by org.testng.reporters.JUnitReportReporter -->
<testsuite hostname="DESKTOP-IRP8CU6" failures="0" tests="1" name="Product_Test_Cases.CreateProductTest" time="23.103" errors="0" timestamp="2025-04-01T09:23:41 BST" skipped="0">
  <testcase classname="Product_Test_Cases.CreateProductTest" name="createProductTest" time="23.103"/>
</testsuite> <!-- Product_Test_Cases.CreateProductTest -->
