<?xml version="1.0" encoding="UTF-8"?>
<!-- Generated by org.testng.reporters.JUnitReportReporter -->
<testsuite hostname="DESKTOP-IRP8CU6" failures="0" tests="2" name="Campaign_Test_Cases.Create_Campaign_WithCloseDate_TC2" time="54.366" errors="0" timestamp="2025-03-15T07:52:23 GMT" skipped="0">
  <testcase classname="Campaign_Test_Cases.Create_Campaign_WithCloseDate_TC2" name="createCampaignWithout_CloseDate_TC2" time="26.525"/>
  <testcase classname="Campaign_Test_Cases.Create_Campaign_WithCloseDate_TC2" name="Create_Campaign_WithCloseDate_TC1" time="27.841"/>
</testsuite> <!-- Campaign_Test_Cases.Create_Campaign_WithCloseDate_TC2 -->
